<?xml version="1.0" encoding="UTF-8"?>
<!-- Generated by org.testng.reporters.JUnitXMLReporter -->
<testsuite hostname="LAPTOP-AVBGTA0B" ignored="0" name="Default test" tests="3" failures="0" timestamp="18 may 2020 23:43:44 GMT" time="73.995" errors="0">
  <testcase name="iniciar_Sesion" time="5.143" classname="co.com.pruebasdecalidad.pruebadoctus.ProteccionDoctus"/>
  <testcase name="registrase" time="4.063" classname="co.com.pruebasdecalidad.pruebadoctus.ProteccionDoctus"/>
  <testcase name="olvido_Mi_Contrasena" time="1.747" classname="co.com.pruebasdecalidad.pruebadoctus.ProteccionDoctus"/>
</testsuite> <!-- Default test -->
